2026-01-27 00:09:30,414 | ERROR | asyncio | Fatal error on SSL transport
protocol: <asyncio.sslproto.SSLProtocol object at 0x00000231BAD14B50>
transport: <_SelectorSocketTransport closing fd=2220>
Traceback (most recent call last):
  File "C:\Users\dell\AppData\Local\Programs\Python\Python310\lib\asyncio\selector_events.py", line 924, in write
    n = self._sock.send(data)
OSError: [WinError 10038] An operation was attempted on something that is not a socket

During handling of the above exception, another exception occurred:

Traceback (most recent call last):
  File "C:\Users\dell\AppData\Local\Programs\Python\Python310\lib\asyncio\sslproto.py", line 690, in _process_write_backlog
    self._transport.write(chunk)
  File "C:\Users\dell\AppData\Local\Programs\Python\Python310\lib\asyncio\selector_events.py", line 930, in write
    self._fatal_error(exc, 'Fatal write error on socket transport')
  File "C:\Users\dell\AppData\Local\Programs\Python\Python310\lib\asyncio\selector_events.py", line 725, in _fatal_error
    self._force_close(exc)
  File "C:\Users\dell\AppData\Local\Programs\Python\Python310\lib\asyncio\selector_events.py", line 737, in _force_close
    self._loop.call_soon(self._call_connection_lost, exc)
  File "C:\Users\dell\AppData\Local\Programs\Python\Python310\lib\asyncio\base_events.py", line 753, in call_soon
    self._check_closed()
  File "C:\Users\dell\AppData\Local\Programs\Python\Python310\lib\asyncio\base_events.py", line 515, in _check_closed
    raise RuntimeError('Event loop is closed')
RuntimeError: Event loop is closed
2026-01-27 12:55:54,994 | ERROR | digital_human_sdk.app.intelligence.utils.json_utils | safe_json_loads failed
2026-01-27 12:56:12,530 | ERROR | digital_human_sdk.app.intelligence.utils.json_utils | safe_json_loads failed
2026-01-27 12:56:33,159 | ERROR | digital_human_sdk.app.intelligence.utils.json_utils | safe_json_loads failed
2026-01-27 13:06:38,148 | ERROR | digital_human_sdk.app.intelligence.utils.json_utils | safe_json_loads failed
2026-01-27 13:06:54,108 | ERROR | asyncio | Fatal error on SSL transport
protocol: <asyncio.sslproto.SSLProtocol object at 0x000002389835A6B0>
transport: <_SelectorSocketTransport closing fd=776>
Traceback (most recent call last):
  File "C:\Users\DELL\AppData\Local\Programs\Python\Python310\lib\asyncio\selector_events.py", line 924, in write
    n = self._sock.send(data)
OSError: [WinError 10038] An operation was attempted on something that is not a socket

During handling of the above exception, another exception occurred:

Traceback (most recent call last):
  File "C:\Users\DELL\AppData\Local\Programs\Python\Python310\lib\asyncio\sslproto.py", line 690, in _process_write_backlog
    self._transport.write(chunk)
  File "C:\Users\DELL\AppData\Local\Programs\Python\Python310\lib\asyncio\selector_events.py", line 930, in write
    self._fatal_error(exc, 'Fatal write error on socket transport')
  File "C:\Users\DELL\AppData\Local\Programs\Python\Python310\lib\asyncio\selector_events.py", line 725, in _fatal_error
    self._force_close(exc)
  File "C:\Users\DELL\AppData\Local\Programs\Python\Python310\lib\asyncio\selector_events.py", line 737, in _force_close
    self._loop.call_soon(self._call_connection_lost, exc)
  File "C:\Users\DELL\AppData\Local\Programs\Python\Python310\lib\asyncio\base_events.py", line 753, in call_soon
    self._check_closed()
  File "C:\Users\DELL\AppData\Local\Programs\Python\Python310\lib\asyncio\base_events.py", line 515, in _check_closed
    raise RuntimeError('Event loop is closed')
RuntimeError: Event loop is closed
2026-01-27 13:22:20,892 | ERROR | digital_human_sdk.app.intelligence.utils.json_utils | safe_json_loads failed
2026-01-27 13:22:28,003 | ERROR | digital_human_sdk.app.intelligence.utils.json_utils | safe_json_loads failed
2026-01-27 13:23:01,316 | ERROR | digital_human_sdk.app.intelligence.utils.json_utils | safe_json_loads failed
2026-01-27 13:23:28,620 | ERROR | digital_human_sdk.app.intelligence.utils.json_utils | safe_json_loads failed
2026-01-27 13:23:35,328 | ERROR | digital_human_sdk.app.intelligence.utils.json_utils | safe_json_loads failed
2026-01-27 13:29:03,826 | ERROR | digital_human_sdk.app.intelligence.utils.json_utils | safe_json_loads failed
2026-01-27 13:29:21,975 | ERROR | digital_human_sdk.app.intelligence.utils.json_utils | safe_json_loads failed
