2026-01-26 23:54:16,672 | INFO | main | üöÄ FastAPI application starting
2026-01-26 23:54:16,719 | INFO | main | üóÑÔ∏è Database tables ensured
2026-01-26 23:54:27,650 | INFO | chat | üì© Chat request | user_id=6 | request_id=8a6b5357-2891-44ba-bbef-6483249bcd6d
2026-01-26 23:54:27,689 | INFO | chat | üßë User message | lets discuss about m e
2026-01-26 23:54:27,714 | INFO | chat | ü§ñ Stream started | session_id=ae4b8d0d-4e2b-4c2d-96c5-1acf39b38367 | request_id=8a6b5357-2891-44ba-bbef-6483249bcd6d
2026-01-26 23:54:27,714 | INFO | chat | ü§ñ Running digital human
2026-01-26 23:54:27,714 | INFO | orchestrator | üî• LOG TEST: orchestrator started
2026-01-26 23:54:27,714 | INFO | orchestrator | üõ°Ô∏è Safety agent called
2026-01-26 23:54:27,723 | INFO | LiteLLM | 
LiteLLM completion() model= gemini-2.5-flash; provider = gemini
2026-01-26 23:54:29,815 | INFO | orchestrator | ‚úÖ Safety passed
2026-01-26 23:54:29,817 | INFO | orchestrator | üß≠ Router agent called
2026-01-26 23:54:29,818 | INFO | LiteLLM | 
LiteLLM completion() model= gemini-2.5-flash; provider = gemini
2026-01-26 23:54:31,438 | INFO | orchestrator | üß≠ Router | tool=False memory=True intent=read
2026-01-26 23:54:31,439 | INFO | orchestrator | üß† Reasoning agent called
2026-01-26 23:54:31,441 | INFO | LiteLLM | 
LiteLLM completion() model= gemini-2.5-flash; provider = gemini
2026-01-26 23:54:33,425 | INFO | LiteLLM | 
LiteLLM completion() model= gemini-2.5-flash; provider = gemini
2026-01-26 23:54:36,121 | INFO | LiteLLM | Wrapper: Completed Call, calling success_handler
2026-01-26 23:54:36,121 | INFO | chat | ‚úÖ Stream complete | tokens=2 | time=8.47s
2026-01-26 23:56:34,459 | ERROR | asyncio | Fatal error on SSL transport
protocol: <asyncio.sslproto.SSLProtocol object at 0x0000025BDAC4BD30>
transport: <_SelectorSocketTransport closing fd=392>
Traceback (most recent call last):
  File "C:\Users\dell\AppData\Local\Programs\Python\Python310\lib\asyncio\selector_events.py", line 924, in write
    n = self._sock.send(data)
OSError: [WinError 10038] An operation was attempted on something that is not a socket

During handling of the above exception, another exception occurred:

Traceback (most recent call last):
  File "C:\Users\dell\AppData\Local\Programs\Python\Python310\lib\asyncio\sslproto.py", line 690, in _process_write_backlog
    self._transport.write(chunk)
  File "C:\Users\dell\AppData\Local\Programs\Python\Python310\lib\asyncio\selector_events.py", line 930, in write
    self._fatal_error(exc, 'Fatal write error on socket transport')
  File "C:\Users\dell\AppData\Local\Programs\Python\Python310\lib\asyncio\selector_events.py", line 725, in _fatal_error
    self._force_close(exc)
  File "C:\Users\dell\AppData\Local\Programs\Python\Python310\lib\asyncio\selector_events.py", line 737, in _force_close
    self._loop.call_soon(self._call_connection_lost, exc)
  File "C:\Users\dell\AppData\Local\Programs\Python\Python310\lib\asyncio\base_events.py", line 753, in call_soon
    self._check_closed()
  File "C:\Users\dell\AppData\Local\Programs\Python\Python310\lib\asyncio\base_events.py", line 515, in _check_closed
    raise RuntimeError('Event loop is closed')
RuntimeError: Event loop is closed
